<?xml version="1.0" encoding="UTF-8"?>
<robot generator="Robot 3.1.1 (Python 3.6.0 on win32)" generated="20190220 07:55:45.895" rpa="false">
<suite id="s1" name="Login" source="C:\Users\FACULTY\PycharmProjects\RF\Login.robot">
<test id="s1-t1" name="FB_Login">
<kw name="Open Browser" library="SeleniumLibrary">
<doc>Opens a new browser instance to the given ``url``.</doc>
<arguments>
<arg>http://facebook.com</arg>
<arg>Chrome</arg>
</arguments>
<msg timestamp="20190220 07:55:47.080" level="INFO">Opening browser 'Chrome' to base url 'http://facebook.com'.</msg>
<status status="PASS" starttime="20190220 07:55:47.080" endtime="20190220 07:56:02.537"></status>
</kw>
<kw name="Input Text" library="SeleniumLibrary">
<doc>Types the given ``text`` into text field identified by ``locator``.</doc>
<arguments>
<arg>id=email</arg>
<arg>Testname</arg>
</arguments>
<msg timestamp="20190220 07:56:02.538" level="INFO">Typing text 'Testname' into text field 'id=email'.</msg>
<status status="PASS" starttime="20190220 07:56:02.538" endtime="20190220 07:56:02.735"></status>
</kw>
<status status="PASS" starttime="20190220 07:55:47.080" endtime="20190220 07:56:02.736" critical="yes"></status>
</test>
<status status="PASS" starttime="20190220 07:55:45.895" endtime="20190220 07:56:02.747"></status>
</suite>
<statistics>
<total>
<stat pass="1" fail="0">Critical Tests</stat>
<stat pass="1" fail="0">All Tests</stat>
</total>
<tag>
</tag>
<suite>
<stat pass="1" fail="0" id="s1" name="Login">Login</stat>
</suite>
</statistics>
<errors>
</errors>
</robot>
